Determining if the pthread_create exist failed with the following output:
Change Dir: /home/mat/ros_workspace/dyn_3d_mod/CMakeFiles/CMakeTmp

Run Build Command:/usr/bin/make "cmTryCompileExec1283910998/fast"
make[1]: Entering directory `/home/mat/ros_workspace/dyn_3d_mod/CMakeFiles/CMakeTmp'
/usr/bin/make -f CMakeFiles/cmTryCompileExec1283910998.dir/build.make CMakeFiles/cmTryCompileExec1283910998.dir/build
make[2]: Entering directory `/home/mat/ros_workspace/dyn_3d_mod/CMakeFiles/CMakeTmp'
/usr/bin/cmake -E cmake_progress_report /home/mat/ros_workspace/dyn_3d_mod/CMakeFiles/CMakeTmp/CMakeFiles 1
Building C object CMakeFiles/cmTryCompileExec1283910998.dir/CheckSymbolExists.c.o
/usr/bin/gcc    -o CMakeFiles/cmTryCompileExec1283910998.dir/CheckSymbolExists.c.o   -c /home/mat/ros_workspace/dyn_3d_mod/CMakeFiles/CMakeTmp/CheckSymbolExists.c
Linking C executable cmTryCompileExec1283910998
/usr/bin/cmake -E cmake_link_script CMakeFiles/cmTryCompileExec1283910998.dir/link.txt --verbose=1
/usr/bin/gcc         CMakeFiles/cmTryCompileExec1283910998.dir/CheckSymbolExists.c.o  -o cmTryCompileExec1283910998 -rdynamic 
CMakeFiles/cmTryCompileExec1283910998.dir/CheckSymbolExists.c.o: In function `main':
CheckSymbolExists.c:(.text+0x16): undefined reference to `pthread_create'
collect2: error: ld returned 1 exit status
make[2]: Leaving directory `/home/mat/ros_workspace/dyn_3d_mod/CMakeFiles/CMakeTmp'
make[2]: *** [cmTryCompileExec1283910998] Error 1
make[1]: Leaving directory `/home/mat/ros_workspace/dyn_3d_mod/CMakeFiles/CMakeTmp'
make[1]: *** [cmTryCompileExec1283910998/fast] Error 2

File /home/mat/ros_workspace/dyn_3d_mod/CMakeFiles/CMakeTmp/CheckSymbolExists.c:
/* */
#include <pthread.h>

int main(int argc, char** argv)
{
  (void)argv;
#ifndef pthread_create
  return ((int*)(&pthread_create))[argc];
#else
  (void)argc;
  return 0;
#endif
}

Determining if the function pthread_create exists in the pthreads failed with the following output:
Change Dir: /home/mat/ros_workspace/dyn_3d_mod/CMakeFiles/CMakeTmp

Run Build Command:/usr/bin/make "cmTryCompileExec3261297333/fast"
make[1]: Entering directory `/home/mat/ros_workspace/dyn_3d_mod/CMakeFiles/CMakeTmp'
/usr/bin/make -f CMakeFiles/cmTryCompileExec3261297333.dir/build.make CMakeFiles/cmTryCompileExec3261297333.dir/build
make[2]: Entering directory `/home/mat/ros_workspace/dyn_3d_mod/CMakeFiles/CMakeTmp'
/usr/bin/cmake -E cmake_progress_report /home/mat/ros_workspace/dyn_3d_mod/CMakeFiles/CMakeTmp/CMakeFiles 1
Building C object CMakeFiles/cmTryCompileExec3261297333.dir/CheckFunctionExists.c.o
/usr/bin/gcc   -DCHECK_FUNCTION_EXISTS=pthread_create   -o CMakeFiles/cmTryCompileExec3261297333.dir/CheckFunctionExists.c.o   -c /usr/share/cmake-2.8/Modules/CheckFunctionExists.c
Linking C executable cmTryCompileExec3261297333
/usr/bin/cmake -E cmake_link_script CMakeFiles/cmTryCompileExec3261297333.dir/link.txt --verbose=1
/usr/bin/gcc     -DCHECK_FUNCTION_EXISTS=pthread_create    CMakeFiles/cmTryCompileExec3261297333.dir/CheckFunctionExists.c.o  -o cmTryCompileExec3261297333 -rdynamic -lpthreads 
/usr/bin/ld: cannot find -lpthreads
collect2: error: ld returned 1 exit status
make[2]: Leaving directory `/home/mat/ros_workspace/dyn_3d_mod/CMakeFiles/CMakeTmp'
make[1]: Leaving directory `/home/mat/ros_workspace/dyn_3d_mod/CMakeFiles/CMakeTmp'
make[2]: *** [cmTryCompileExec3261297333] Error 1
make[1]: *** [cmTryCompileExec3261297333/fast] Error 2


